============================================================
EXECUTANDO EXEMPLOS DO BIONIX
============================================================

[1/4] Exemplo 1: Testes do Núcleo (exemplo)...

[2/4] Exemplo 2: Modelo Linear com CSV e persistência...

[3/4] Exemplo 3: Espirais intercaladas com BMP + autograd + MLP...

[4/4] Exemplo 4: Reconhecimento de dígitos 0-9 com MLP...
--- Exemplo e000004: reconhecimento de dígitos (0-9) com MLP ---
Arquivos split | treino: 2240 | valid: 480 | teste: 480
Redimensionamento alvo: 32 x 32
Carregando 2240 imagens...
  progresso: 500 / 2240
  progresso: 1000 / 2240
  progresso: 1500 / 2240
  progresso: 2000 / 2240
Carregando 480 imagens...
Carregando 480 imagens...
Amostras treino: 2240 | Features: 1024
Amostras validação: 480 | Amostras teste: 480 | Classes: 10
Carregando pesos salvos de: exemplos/e000004_reconhecimento_digitos/pesos_mlp_digits.txt
Configuração MLP | Ativação saída: softmax | Perda: cross_entropy
Epocas: 1500 | Lote: 64 | LR: 0.005 | ReduceOnPlateau: True | FatorReduceLR: 0.5 | PacienciaReduceLR: 5 | LRMinReduce: 0.0001 | InferenciaSomente: False | SalvarCheckpoint: True
Época 0 | Loss treino médio: 3.1311412 | Loss validação: 2.8145492 | Acc validação: 0.104166664 | LR: 0.005
Época 1 | Loss treino médio: 2.5976615 | Loss validação: 2.492166 | Acc validação: 0.11666667 | LR: 0.005
Época 2 | Loss treino médio: 2.5261676 | Loss validação: 2.6572008 | Acc validação: 0.1125 | LR: 0.005
Época 3 | Loss treino médio: 2.477422 | Loss validação: 2.4330869 | Acc validação: 0.12291667 | LR: 0.005
Época 4 | Loss treino médio: 2.426014 | Loss validação: 2.4165886 | Acc validação: 0.108333334 | LR: 0.005
Época 5 | Loss treino médio: 2.4056597 | Loss validação: 2.4220588 | Acc validação: 0.1625 | LR: 0.005
Época 6 | Loss treino médio: 2.3992474 | Loss validação: 2.3851733 | Acc validação: 0.12916666 | LR: 0.005
Época 7 | Loss treino médio: 2.3669527 | Loss validação: 2.3271813 | Acc validação: 0.14791666 | LR: 0.005
Época 8 | Loss treino médio: 2.3542886 | Loss validação: 2.321308 | Acc validação: 0.1625 | LR: 0.005
Época 9 | Loss treino médio: 2.3361025 | Loss validação: 2.3274157 | Acc validação: 0.125 | LR: 0.005
Época 10 | Loss treino médio: 2.3087869 | Loss validação: 2.2936594 | Acc validação: 0.175 | LR: 0.005
Época 11 | Loss treino médio: 2.2956464 | Loss validação: 2.3229997 | Acc validação: 0.13958333 | LR: 0.005
Época 12 | Loss treino médio: 2.2811492 | Loss validação: 2.326306 | Acc validação: 0.16666667 | LR: 0.005
Época 13 | Loss treino médio: 2.2563667 | Loss validação: 2.2735038 | Acc validação: 0.16666667 | LR: 0.005
Época 14 | Loss treino médio: 2.2610996 | Loss validação: 2.288811 | Acc validação: 0.15208334 | LR: 0.005
Época 15 | Loss treino médio: 2.2557736 | Loss validação: 2.2540426 | Acc validação: 0.19791667 | LR: 0.005
Época 16 | Loss treino médio: 2.2423875 | Loss validação: 2.2537716 | Acc validação: 0.17291667 | LR: 0.005
Época 17 | Loss treino médio: 2.2224793 | Loss validação: 2.3273463 | Acc validação: 0.104166664 | LR: 0.005
Época 18 | Loss treino médio: 2.2115264 | Loss validação: 2.2690284 | Acc validação: 0.15208334 | LR: 0.005
Época 19 | Loss treino médio: 2.193485 | Loss validação: 2.220467 | Acc validação: 0.19791667 | LR: 0.005
Época 20 | Loss treino médio: 2.184686 | Loss validação: 2.1814258 | Acc validação: 0.21458334 | LR: 0.005
Época 21 | Loss treino médio: 2.18236 | Loss validação: 2.1638515 | Acc validação: 0.21875 | LR: 0.005
Época 22 | Loss treino médio: 2.1671176 | Loss validação: 2.152623 | Acc validação: 0.25416666 | LR: 0.005
Época 23 | Loss treino médio: 2.1552477 | Loss validação: 2.1975045 | Acc validação: 0.18125 | LR: 0.005
Época 24 | Loss treino médio: 2.149969 | Loss validação: 2.1689432 | Acc validação: 0.23125 | LR: 0.005
Época 25 | Loss treino médio: 2.1233442 | Loss validação: 2.150875 | Acc validação: 0.26041666 | LR: 0.005
Época 26 | Loss treino médio: 2.1460524 | Loss validação: 2.1511903 | Acc validação: 0.19583334 | LR: 0.005
Época 27 | Loss treino médio: 2.1292567 | Loss validação: 2.174661 | Acc validação: 0.22291666 | LR: 0.005
Época 28 | Loss treino médio: 2.108307 | Loss validação: 2.1311915 | Acc validação: 0.23125 | LR: 0.005
Época 29 | Loss treino médio: 2.1079292 | Loss validação: 2.1171324 | Acc validação: 0.275 | LR: 0.005
Época 30 | Loss treino médio: 2.1097944 | Loss validação: 2.1121793 | Acc validação: 0.275 | LR: 0.005
Época 31 | Loss treino médio: 2.0986486 | Loss validação: 2.1455178 | Acc validação: 0.20625 | LR: 0.005
Época 32 | Loss treino médio: 2.0927517 | Loss validação: 2.1074593 | Acc validação: 0.25 | LR: 0.005
Época 33 | Loss treino médio: 2.1077495 | Loss validação: 2.1028075 | Acc validação: 0.27708334 | LR: 0.005
Época 34 | Loss treino médio: 2.0802424 | Loss validação: 2.088596 | Acc validação: 0.26458332 | LR: 0.005
Época 35 | Loss treino médio: 2.073222 | Loss validação: 2.1027389 | Acc validação: 0.27291668 | LR: 0.005
Época 36 | Loss treino médio: 2.0634198 | Loss validação: 2.1204174 | Acc validação: 0.21875 | LR: 0.005
Época 37 | Loss treino médio: 2.0582786 | Loss validação: 2.0650535 | Acc validação: 0.28125 | LR: 0.005
Época 38 | Loss treino médio: 2.0576277 | Loss validação: 2.085571 | Acc validação: 0.30416667 | LR: 0.005
Época 39 | Loss treino médio: 2.0475273 | Loss validação: 2.0822494 | Acc validação: 0.23958333 | LR: 0.005
Época 40 | Loss treino médio: 2.0382676 | Loss validação: 2.067118 | Acc validação: 0.25625 | LR: 0.005
Época 41 | Loss treino médio: 2.0315762 | Loss validação: 2.0608833 | Acc validação: 0.28125 | LR: 0.005
Época 42 | Loss treino médio: 2.0253763 | Loss validação: 2.0573745 | Acc validação: 0.29583332 | LR: 0.005
[ReduceLROnPlateau] acc recuou após inércia. LR: 0.005 -> 0.0025
Época 43 | Loss treino médio: 2.0212462 | Loss validação: 2.0608125 | Acc validação: 0.29166666 | LR: 0.0025
Época 44 | Loss treino médio: 1.9950038 | Loss validação: 2.0333335 | Acc validação: 0.31041667 | LR: 0.0025
Época 45 | Loss treino médio: 1.9884307 | Loss validação: 2.028779 | Acc validação: 0.32916668 | LR: 0.0025
Época 46 | Loss treino médio: 1.9852629 | Loss validação: 2.0270312 | Acc validação: 0.31875 | LR: 0.0025
Época 47 | Loss treino médio: 1.986058 | Loss validação: 2.0258553 | Acc validação: 0.32291666 | LR: 0.0025
Época 48 | Loss treino médio: 1.9815166 | Loss validação: 2.0376968 | Acc validação: 0.30208334 | LR: 0.0025
Época 49 | Loss treino médio: 1.9774838 | Loss validação: 2.0324907 | Acc validação: 0.31875 | LR: 0.0025
Época 50 | Loss treino médio: 1.9779881 | Loss validação: 2.0206342 | Acc validação: 0.33541668 | LR: 0.0025
Época 51 | Loss treino médio: 1.9715027 | Loss validação: 2.022902 | Acc validação: 0.32291666 | LR: 0.0025
Época 52 | Loss treino médio: 1.9684606 | Loss validação: 2.0210402 | Acc validação: 0.32708332 | LR: 0.0025
Época 53 | Loss treino médio: 1.965242 | Loss validação: 2.017169 | Acc validação: 0.325 | LR: 0.0025
Época 54 | Loss treino médio: 1.963989 | Loss validação: 2.0230472 | Acc validação: 0.32291666 | LR: 0.0025
[ReduceLROnPlateau] acc recuou após inércia. LR: 0.0025 -> 0.00125
Época 55 | Loss treino médio: 1.9651077 | Loss validação: 2.0181603 | Acc validação: 0.32291666 | LR: 0.00125
Época 56 | Loss treino médio: 1.9546077 | Loss validação: 2.0041163 | Acc validação: 0.34791666 | LR: 0.00125
Época 57 | Loss treino médio: 1.9499133 | Loss validação: 2.008926 | Acc validação: 0.35416666 | LR: 0.00125
Época 58 | Loss treino médio: 1.950596 | Loss validação: 2.0003922 | Acc validação: 0.33958334 | LR: 0.00125
Época 59 | Loss treino médio: 1.9479896 | Loss validação: 2.0039854 | Acc validação: 0.36666667 | LR: 0.00125
Época 60 | Loss treino médio: 1.9463617 | Loss validação: 2.0061767 | Acc validação: 0.33125 | LR: 0.00125
Época 61 | Loss treino médio: 1.9443377 | Loss validação: 1.9998763 | Acc validação: 0.34375 | LR: 0.00125
Época 62 | Loss treino médio: 1.9462019 | Loss validação: 1.998823 | Acc validação: 0.33333334 | LR: 0.00125
Época 63 | Loss treino médio: 1.9449668 | Loss validação: 1.9941117 | Acc validação: 0.34166667 | LR: 0.00125
[ReduceLROnPlateau] acc recuou após inércia. LR: 0.00125 -> 0.000625
Época 64 | Loss treino médio: 1.941432 | Loss validação: 1.9946656 | Acc validação: 0.35833332 | LR: 0.000625
Época 65 | Loss treino médio: 1.9384063 | Loss validação: 1.9924306 | Acc validação: 0.35833332 | LR: 0.000625
Época 66 | Loss treino médio: 1.9365561 | Loss validação: 1.9930453 | Acc validação: 0.35 | LR: 0.000625
Época 67 | Loss treino médio: 1.9354398 | Loss validação: 1.990757 | Acc validação: 0.36458334 | LR: 0.000625
Época 68 | Loss treino médio: 1.9347142 | Loss validação: 1.9907457 | Acc validação: 0.35416666 | LR: 0.000625
[ReduceLROnPlateau] acc recuou após inércia. LR: 0.000625 -> 0.0003125
Época 69 | Loss treino médio: 1.9346324 | Loss validação: 1.9906259 | Acc validação: 0.34791666 | LR: 0.0003125
Época 70 | Loss treino médio: 1.9325067 | Loss validação: 1.9896172 | Acc validação: 0.34166667 | LR: 0.0003125
Época 71 | Loss treino médio: 1.93165 | Loss validação: 1.9893041 | Acc validação: 0.36041668 | LR: 0.0003125
Época 72 | Loss treino médio: 1.9316322 | Loss validação: 1.9887458 | Acc validação: 0.35416666 | LR: 0.0003125
Época 73 | Loss treino médio: 1.9310538 | Loss validação: 1.9881753 | Acc validação: 0.35833332 | LR: 0.0003125
[ReduceLROnPlateau] acc recuou após inércia. LR: 0.0003125 -> 0.00015625
Época 74 | Loss treino médio: 1.9307637 | Loss validação: 1.9880264 | Acc validação: 0.34375 | LR: 0.00015625
Época 75 | Loss treino médio: 1.9293163 | Loss validação: 1.9877344 | Acc validação: 0.35 | LR: 0.00015625
Época 76 | Loss treino médio: 1.9291759 | Loss validação: 1.9874891 | Acc validação: 0.35416666 | LR: 0.00015625
Época 77 | Loss treino médio: 1.9290835 | Loss validação: 1.987315 | Acc validação: 0.35416666 | LR: 0.00015625
Época 78 | Loss treino médio: 1.9288136 | Loss validação: 1.9870583 | Acc validação: 0.35208333 | LR: 0.00015625
[ReduceLROnPlateau] acc recuou após inércia. LR: 0.00015625 -> 0.0001
Época 79 | Loss treino médio: 1.9287499 | Loss validação: 1.987017 | Acc validação: 0.35416666 | LR: 0.0001
Época 80 | Loss treino médio: 1.9280138 | Loss validação: 1.9869409 | Acc validação: 0.35208333 | LR: 0.0001
Época 81 | Loss treino médio: 1.92806 | Loss validação: 1.9869084 | Acc validação: 0.35208333 | LR: 0.0001
Época 82 | Loss treino médio: 1.9279932 | Loss validação: 1.9867585 | Acc validação: 0.35208333 | LR: 0.0001
Época 83 | Loss treino médio: 1.927773 | Loss validação: 1.9866341 | Acc validação: 0.35416666 | LR: 0.0001
Época 84 | Loss treino médio: 1.9276867 | Loss validação: 1.9865154 | Acc validação: 0.35416666 | LR: 0.0001
Época 85 | Loss treino médio: 1.9277176 | Loss validação: 1.9864143 | Acc validação: 0.35416666 | LR: 0.0001
Época 86 | Loss treino médio: 1.9275975 | Loss validação: 1.9864135 | Acc validação: 0.35625 | LR: 0.0001
Época 87 | Loss treino médio: 1.9273545 | Loss validação: 1.9862828 | Acc validação: 0.35416666 | LR: 0.0001
Época 88 | Loss treino médio: 1.9271853 | Loss validação: 1.9862421 | Acc validação: 0.35416666 | LR: 0.0001
Época 89 | Loss treino médio: 1.9272609 | Loss validação: 1.9862016 | Acc validação: 0.35625 | LR: 0.0001
Época 90 | Loss treino médio: 1.9273268 | Loss validação: 1.9861218 | Acc validação: 0.35416666 | LR: 0.0001
Época 91 | Loss treino médio: 1.9269072 | Loss validação: 1.9860746 | Acc validação: 0.35625 | LR: 0.0001
Época 92 | Loss treino médio: 1.9269564 | Loss validação: 1.9860485 | Acc validação: 0.35416666 | LR: 0.0001
Época 93 | Loss treino médio: 1.9267838 | Loss validação: 1.9859112 | Acc validação: 0.35416666 | LR: 0.0001
Época 94 | Loss treino médio: 1.9267215 | Loss validação: 1.985799 | Acc validação: 0.35625 | LR: 0.0001
Época 95 | Loss treino médio: 1.9264755 | Loss validação: 1.9856298 | Acc validação: 0.35208333 | LR: 0.0001
Época 96 | Loss treino médio: 1.9265697 | Loss validação: 1.9855734 | Acc validação: 0.35208333 | LR: 0.0001
Época 97 | Loss treino médio: 1.9263953 | Loss validação: 1.9854343 | Acc validação: 0.35416666 | LR: 0.0001
Época 98 | Loss treino médio: 1.9262959 | Loss validação: 1.9854239 | Acc validação: 0.35625 | LR: 0.0001
Época 99 | Loss treino médio: 1.926171 | Loss validação: 1.9853054 | Acc validação: 0.35625 | LR: 0.0001
Época 100 | Loss treino médio: 1.926042 | Loss validação: 1.9852448 | Acc validação: 0.35416666 | LR: 0.0001
Época 101 | Loss treino médio: 1.9258767 | Loss validação: 1.9852028 | Acc validação: 0.35416666 | LR: 0.0001
Época 102 | Loss treino médio: 1.9258081 | Loss validação: 1.985091 | Acc validação: 0.35833332 | LR: 0.0001
Época 103 | Loss treino médio: 1.925881 | Loss validação: 1.9849524 | Acc validação: 0.35416666 | LR: 0.0001
Época 104 | Loss treino médio: 1.9256405 | Loss validação: 1.9848979 | Acc validação: 0.35416666 | LR: 0.0001
Época 105 | Loss treino médio: 1.9254942 | Loss validação: 1.9847382 | Acc validação: 0.35416666 | LR: 0.0001
Época 106 | Loss treino médio: 1.925329 | Loss validação: 1.9846603 | Acc validação: 0.35416666 | LR: 0.0001
Época 107 | Loss treino médio: 1.9254464 | Loss validação: 1.984567 | Acc validação: 0.35625 | LR: 0.0001
Época 108 | Loss treino médio: 1.9251932 | Loss validação: 1.9844893 | Acc validação: 0.35625 | LR: 0.0001
Época 109 | Loss treino médio: 1.9251323 | Loss validação: 1.984414 | Acc validação: 0.35416666 | LR: 0.0001
Época 110 | Loss treino médio: 1.9249407 | Loss validação: 1.9844025 | Acc validação: 0.35833332 | LR: 0.0001
Época 111 | Loss treino médio: 1.925062 | Loss validação: 1.9842923 | Acc validação: 0.35416666 | LR: 0.0001
Época 112 | Loss treino médio: 1.9248078 | Loss validação: 1.9841746 | Acc validação: 0.35625 | LR: 0.0001
Época 113 | Loss treino médio: 1.9247079 | Loss validação: 1.9841092 | Acc validação: 0.35416666 | LR: 0.0001
Época 114 | Loss treino médio: 1.9246264 | Loss validação: 1.9840903 | Acc validação: 0.35625 | LR: 0.0001
Época 115 | Loss treino médio: 1.9246207 | Loss validação: 1.9840454 | Acc validação: 0.35833332 | LR: 0.0001
Época 116 | Loss treino médio: 1.9243234 | Loss validação: 1.9838353 | Acc validação: 0.35625 | LR: 0.0001
Época 117 | Loss treino médio: 1.9243038 | Loss validação: 1.9837906 | Acc validação: 0.35833332 | LR: 0.0001
Época 118 | Loss treino médio: 1.9241544 | Loss validação: 1.9837633 | Acc validação: 0.35625 | LR: 0.0001
Época 119 | Loss treino médio: 1.9241614 | Loss validação: 1.9835517 | Acc validação: 0.35416666 | LR: 0.0001
Época 120 | Loss treino médio: 1.9239323 | Loss validação: 1.9835235 | Acc validação: 0.35625 | LR: 0.0001
Época 121 | Loss treino médio: 1.9238952 | Loss validação: 1.9834591 | Acc validação: 0.35833332 | LR: 0.0001
Época 122 | Loss treino médio: 1.9237992 | Loss validação: 1.9833742 | Acc validação: 0.35625 | LR: 0.0001
Época 123 | Loss treino médio: 1.9238081 | Loss validação: 1.9832246 | Acc validação: 0.35625 | LR: 0.0001
Época 124 | Loss treino médio: 1.9236684 | Loss validação: 1.9830855 | Acc validação: 0.35416666 | LR: 0.0001
Época 125 | Loss treino médio: 1.9234524 | Loss validação: 1.9830517 | Acc validação: 0.35833332 | LR: 0.0001
Época 126 | Loss treino médio: 1.9233317 | Loss validação: 1.9830297 | Acc validação: 0.35833332 | LR: 0.0001
Época 127 | Loss treino médio: 1.9232464 | Loss validação: 1.9829849 | Acc validação: 0.36041668 | LR: 0.0001
Época 128 | Loss treino médio: 1.9231975 | Loss validação: 1.9828826 | Acc validação: 0.35833332 | LR: 0.0001
Época 129 | Loss treino médio: 1.922946 | Loss validação: 1.9827231 | Acc validação: 0.35625 | LR: 0.0001
Época 130 | Loss treino médio: 1.923082 | Loss validação: 1.9826797 | Acc validação: 0.35833332 | LR: 0.0001
Época 131 | Loss treino médio: 1.9227548 | Loss validação: 1.9825896 | Acc validação: 0.35625 | LR: 0.0001
Época 132 | Loss treino médio: 1.9226351 | Loss validação: 1.9825494 | Acc validação: 0.36041668 | LR: 0.0001
Época 133 | Loss treino médio: 1.922739 | Loss validação: 1.9824336 | Acc validação: 0.35833332 | LR: 0.0001
Época 134 | Loss treino médio: 1.9224186 | Loss validação: 1.9824153 | Acc validação: 0.3625 | LR: 0.0001
Época 135 | Loss treino médio: 1.9224475 | Loss validação: 1.98224 | Acc validação: 0.36041668 | LR: 0.0001
Época 136 | Loss treino médio: 1.9223144 | Loss validação: 1.9821044 | Acc validação: 0.35416666 | LR: 0.0001
Época 137 | Loss treino médio: 1.922316 | Loss validação: 1.9820195 | Acc validação: 0.36041668 | LR: 0.0001
Época 138 | Loss treino médio: 1.9222128 | Loss validação: 1.9819549 | Acc validação: 0.35833332 | LR: 0.0001
Época 139 | Loss treino médio: 1.9219176 | Loss validação: 1.9818925 | Acc validação: 0.36041668 | LR: 0.0001
Época 140 | Loss treino médio: 1.9219164 | Loss validação: 1.9817661 | Acc validação: 0.35833332 | LR: 0.0001
Época 141 | Loss treino médio: 1.9218973 | Loss validação: 1.9817193 | Acc validação: 0.35625 | LR: 0.0001
Época 142 | Loss treino médio: 1.9217177 | Loss validação: 1.9816383 | Acc validação: 0.36041668 | LR: 0.0001
Época 143 | Loss treino médio: 1.9215759 | Loss validação: 1.9815525 | Acc validação: 0.35833332 | LR: 0.0001
Época 144 | Loss treino médio: 1.9214672 | Loss validação: 1.9814944 | Acc validação: 0.3625 | LR: 0.0001
Época 145 | Loss treino médio: 1.9214299 | Loss validação: 1.9814268 | Acc validação: 0.36041668 | LR: 0.0001
Época 146 | Loss treino médio: 1.9215044 | Loss validação: 1.9812417 | Acc validação: 0.35833332 | LR: 0.0001
Época 147 | Loss treino médio: 1.921272 | Loss validação: 1.9811682 | Acc validação: 0.36041668 | LR: 0.0001
Época 148 | Loss treino médio: 1.9211127 | Loss validação: 1.9811329 | Acc validação: 0.36041668 | LR: 0.0001
Época 149 | Loss treino médio: 1.9209098 | Loss validação: 1.9810737 | Acc validação: 0.36041668 | LR: 0.0001
Época 150 | Loss treino médio: 1.9209766 | Loss validação: 1.9809941 | Acc validação: 0.36041668 | LR: 0.0001
Época 151 | Loss treino médio: 1.9208769 | Loss validação: 1.98086 | Acc validação: 0.36041668 | LR: 0.0001
Época 152 | Loss treino médio: 1.9205811 | Loss validação: 1.9807724 | Acc validação: 0.35833332 | LR: 0.0001
Época 153 | Loss treino médio: 1.9206316 | Loss validação: 1.9807765 | Acc validação: 0.35833332 | LR: 0.0001
Época 154 | Loss treino médio: 1.9204202 | Loss validação: 1.9806331 | Acc validação: 0.35833332 | LR: 0.0001
Época 155 | Loss treino médio: 1.920377 | Loss validação: 1.9805204 | Acc validação: 0.36041668 | LR: 0.0001
Época 156 | Loss treino médio: 1.9202734 | Loss validação: 1.9803755 | Acc validação: 0.35625 | LR: 0.0001
Época 157 | Loss treino médio: 1.920091 | Loss validação: 1.9803916 | Acc validação: 0.36041668 | LR: 0.0001
Época 158 | Loss treino médio: 1.9200871 | Loss validação: 1.9802625 | Acc validação: 0.35833332 | LR: 0.0001
Época 159 | Loss treino médio: 1.9199984 | Loss validação: 1.9802299 | Acc validação: 0.36041668 | LR: 0.0001
Época 160 | Loss treino médio: 1.919926 | Loss validação: 1.9801062 | Acc validação: 0.36041668 | LR: 0.0001
Época 161 | Loss treino médio: 1.9197708 | Loss validação: 1.9799856 | Acc validação: 0.36041668 | LR: 0.0001
Época 162 | Loss treino médio: 1.9196254 | Loss validação: 1.9799961 | Acc validação: 0.36041668 | LR: 0.0001
Época 163 | Loss treino médio: 1.9194467 | Loss validação: 1.9798692 | Acc validação: 0.35833332 | LR: 0.0001
Época 164 | Loss treino médio: 1.91933 | Loss validação: 1.9797734 | Acc validação: 0.36041668 | LR: 0.0001
Época 165 | Loss treino médio: 1.9192575 | Loss validação: 1.979697 | Acc validação: 0.36041668 | LR: 0.0001
Época 166 | Loss treino médio: 1.9192376 | Loss validação: 1.9795605 | Acc validação: 0.3625 | LR: 0.0001
Época 167 | Loss treino médio: 1.9190744 | Loss validação: 1.9795848 | Acc validação: 0.36666667 | LR: 0.0001
Época 168 | Loss treino médio: 1.9189674 | Loss validação: 1.9795748 | Acc validação: 0.3625 | LR: 0.0001
Época 169 | Loss treino médio: 1.9188756 | Loss validação: 1.9794241 | Acc validação: 0.3625 | LR: 0.0001
Época 170 | Loss treino médio: 1.9187199 | Loss validação: 1.979335 | Acc validação: 0.3625 | LR: 0.0001
Época 171 | Loss treino médio: 1.9188064 | Loss validação: 1.9792378 | Acc validação: 0.36666667 | LR: 0.0001
Época 172 | Loss treino médio: 1.9184873 | Loss validação: 1.9791777 | Acc validação: 0.36041668 | LR: 0.0001
Época 173 | Loss treino médio: 1.9184533 | Loss validação: 1.9790568 | Acc validação: 0.3625 | LR: 0.0001
Época 174 | Loss treino médio: 1.9182474 | Loss validação: 1.9789025 | Acc validação: 0.3625 | LR: 0.0001
Época 175 | Loss treino médio: 1.9183492 | Loss validação: 1.9788023 | Acc validação: 0.3625 | LR: 0.0001
Época 176 | Loss treino médio: 1.9181569 | Loss validação: 1.9787829 | Acc validação: 0.36458334 | LR: 0.0001
Época 177 | Loss treino médio: 1.9180511 | Loss validação: 1.9786861 | Acc validação: 0.36458334 | LR: 0.0001
Época 178 | Loss treino médio: 1.9179688 | Loss validação: 1.9785769 | Acc validação: 0.36041668 | LR: 0.0001
Época 179 | Loss treino médio: 1.917813 | Loss validação: 1.9784875 | Acc validação: 0.3625 | LR: 0.0001
Época 180 | Loss treino médio: 1.9176457 | Loss validação: 1.9783656 | Acc validação: 0.35833332 | LR: 0.0001
Época 181 | Loss treino médio: 1.9176409 | Loss validação: 1.9783045 | Acc validação: 0.36041668 | LR: 0.0001
Época 182 | Loss treino médio: 1.9175352 | Loss validação: 1.9782386 | Acc validação: 0.36041668 | LR: 0.0001
Época 183 | Loss treino médio: 1.9173981 | Loss validação: 1.9781414 | Acc validação: 0.36041668 | LR: 0.0001
Época 184 | Loss treino médio: 1.91736 | Loss validação: 1.9780258 | Acc validação: 0.3625 | LR: 0.0001
Época 185 | Loss treino médio: 1.9172571 | Loss validação: 1.9779306 | Acc validação: 0.36041668 | LR: 0.0001
Época 186 | Loss treino médio: 1.9171062 | Loss validação: 1.9778402 | Acc validação: 0.36041668 | LR: 0.0001
Época 187 | Loss treino médio: 1.9171845 | Loss validação: 1.9778247 | Acc validação: 0.36041668 | LR: 0.0001
Época 188 | Loss treino médio: 1.9169837 | Loss validação: 1.9777497 | Acc validação: 0.3625 | LR: 0.0001
Época 189 | Loss treino médio: 1.9167886 | Loss validação: 1.9776349 | Acc validação: 0.3625 | LR: 0.0001
Época 190 | Loss treino médio: 1.9167363 | Loss validação: 1.9775729 | Acc validação: 0.3625 | LR: 0.0001
Época 191 | Loss treino médio: 1.9166368 | Loss validação: 1.9774312 | Acc validação: 0.3625 | LR: 0.0001
Época 192 | Loss treino médio: 1.9165142 | Loss validação: 1.9774058 | Acc validação: 0.3625 | LR: 0.0001
Época 193 | Loss treino médio: 1.9163513 | Loss validação: 1.97739 | Acc validação: 0.36666667 | LR: 0.0001
Época 194 | Loss treino médio: 1.9162658 | Loss validação: 1.9773681 | Acc validação: 0.3625 | LR: 0.0001
Época 195 | Loss treino médio: 1.916193 | Loss validação: 1.9771468 | Acc validação: 0.36041668 | LR: 0.0001
Época 196 | Loss treino médio: 1.9161011 | Loss validação: 1.9770672 | Acc validação: 0.3625 | LR: 0.0001
Época 197 | Loss treino médio: 1.9160706 | Loss validação: 1.9769807 | Acc validação: 0.36458334 | LR: 0.0001
Época 198 | Loss treino médio: 1.9159238 | Loss validação: 1.97689 | Acc validação: 0.3625 | LR: 0.0001
Época 199 | Loss treino médio: 1.9158447 | Loss validação: 1.9768361 | Acc validação: 0.36041668 | LR: 0.0001
Época 200 | Loss treino médio: 1.9158502 | Loss validação: 1.9767531 | Acc validação: 0.36666667 | LR: 0.0001
Época 201 | Loss treino médio: 1.9156549 | Loss validação: 1.976673 | Acc validação: 0.36458334 | LR: 0.0001
Época 202 | Loss treino médio: 1.9154648 | Loss validação: 1.9766319 | Acc validação: 0.36666667 | LR: 0.0001
Época 203 | Loss treino médio: 1.9154587 | Loss validação: 1.9765021 | Acc validação: 0.3625 | LR: 0.0001
Época 204 | Loss treino médio: 1.9152176 | Loss validação: 1.9763643 | Acc validação: 0.3625 | LR: 0.0001
Época 205 | Loss treino médio: 1.91524 | Loss validação: 1.9762619 | Acc validação: 0.36041668 | LR: 0.0001
Época 206 | Loss treino médio: 1.9150674 | Loss validação: 1.9762044 | Acc validação: 0.3625 | LR: 0.0001
Época 207 | Loss treino médio: 1.9149935 | Loss validação: 1.9761281 | Acc validação: 0.36666667 | LR: 0.0001
Época 208 | Loss treino médio: 1.9149972 | Loss validação: 1.9760774 | Acc validação: 0.36458334 | LR: 0.0001
Época 209 | Loss treino médio: 1.9147104 | Loss validação: 1.9760219 | Acc validação: 0.36458334 | LR: 0.0001
Época 210 | Loss treino médio: 1.9147397 | Loss validação: 1.9759979 | Acc validação: 0.36666667 | LR: 0.0001
Época 211 | Loss treino médio: 1.9146829 | Loss validação: 1.9758165 | Acc validação: 0.36666667 | LR: 0.0001
Época 212 | Loss treino médio: 1.9144747 | Loss validação: 1.9757102 | Acc validação: 0.36458334 | LR: 0.0001
Época 213 | Loss treino médio: 1.9143827 | Loss validação: 1.9757457 | Acc validação: 0.3625 | LR: 0.0001
Época 214 | Loss treino médio: 1.9142896 | Loss validação: 1.9756105 | Acc validação: 0.36458334 | LR: 0.0001
Época 215 | Loss treino médio: 1.9142798 | Loss validação: 1.9755529 | Acc validação: 0.36458334 | LR: 0.0001
Época 216 | Loss treino médio: 1.914072 | Loss validação: 1.9755188 | Acc validação: 0.36666667 | LR: 0.0001
Época 217 | Loss treino médio: 1.9140204 | Loss validação: 1.9753796 | Acc validação: 0.36666667 | LR: 0.0001
Época 218 | Loss treino médio: 1.9138775 | Loss validação: 1.9752254 | Acc validação: 0.36458334 | LR: 0.0001
Época 219 | Loss treino médio: 1.9137357 | Loss validação: 1.9751518 | Acc validação: 0.3625 | LR: 0.0001
Época 220 | Loss treino médio: 1.9134727 | Loss validação: 1.9750743 | Acc validação: 0.36458334 | LR: 0.0001
Época 221 | Loss treino médio: 1.9134858 | Loss validação: 1.9750706 | Acc validação: 0.36458334 | LR: 0.0001
Época 222 | Loss treino médio: 1.9133219 | Loss validação: 1.9749888 | Acc validação: 0.36458334 | LR: 0.0001
Época 223 | Loss treino médio: 1.9134421 | Loss validação: 1.9748905 | Acc validação: 0.36458334 | LR: 0.0001
Época 224 | Loss treino médio: 1.9132041 | Loss validação: 1.9747901 | Acc validação: 0.36666667 | LR: 0.0001
Época 225 | Loss treino médio: 1.9131897 | Loss validação: 1.974697 | Acc validação: 0.36458334 | LR: 0.0001
Época 226 | Loss treino médio: 1.9129857 | Loss validação: 1.9747015 | Acc validação: 0.36666667 | LR: 0.0001
Época 227 | Loss treino médio: 1.9128006 | Loss validação: 1.9745804 | Acc validação: 0.36666667 | LR: 0.0001
Época 228 | Loss treino médio: 1.9128336 | Loss validação: 1.9744511 | Acc validação: 0.36458334 | LR: 0.0001
Época 229 | Loss treino médio: 1.9127434 | Loss validação: 1.9743273 | Acc validação: 0.36458334 | LR: 0.0001
Época 230 | Loss treino médio: 1.91271 | Loss validação: 1.9742872 | Acc validação: 0.3625 | LR: 0.0001
Época 231 | Loss treino médio: 1.9125048 | Loss validação: 1.9741801 | Acc validação: 0.36458334 | LR: 0.0001
Época 232 | Loss treino médio: 1.9124104 | Loss validação: 1.9740926 | Acc validação: 0.36458334 | LR: 0.0001
Época 233 | Loss treino médio: 1.9123464 | Loss validação: 1.9740148 | Acc validação: 0.36666667 | LR: 0.0001
Época 234 | Loss treino médio: 1.912207 | Loss validação: 1.9739535 | Acc validação: 0.36666667 | LR: 0.0001
Época 235 | Loss treino médio: 1.912142 | Loss validação: 1.9738355 | Acc validação: 0.36041668 | LR: 0.0001
Época 236 | Loss treino médio: 1.9120996 | Loss validação: 1.9737954 | Acc validação: 0.36458334 | LR: 0.0001
Época 237 | Loss treino médio: 1.9119049 | Loss validação: 1.9737449 | Acc validação: 0.3625 | LR: 0.0001
Época 238 | Loss treino médio: 1.9117769 | Loss validação: 1.9736925 | Acc validação: 0.36458334 | LR: 0.0001
Época 239 | Loss treino médio: 1.9117253 | Loss validação: 1.9735903 | Acc validação: 0.36666667 | LR: 0.0001
Época 240 | Loss treino médio: 1.9116235 | Loss validação: 1.9734985 | Acc validação: 0.3625 | LR: 0.0001
Época 241 | Loss treino médio: 1.9114467 | Loss validação: 1.9733605 | Acc validação: 0.3625 | LR: 0.0001
Época 242 | Loss treino médio: 1.911393 | Loss validação: 1.9732033 | Acc validação: 0.36458334 | LR: 0.0001
Época 243 | Loss treino médio: 1.9111605 | Loss validação: 1.973232 | Acc validação: 0.36666667 | LR: 0.0001
Época 244 | Loss treino médio: 1.9112943 | Loss validação: 1.9731656 | Acc validação: 0.36666667 | LR: 0.0001
Época 245 | Loss treino médio: 1.9111638 | Loss validação: 1.9730593 | Acc validação: 0.36666667 | LR: 0.0001
Época 246 | Loss treino médio: 1.9108882 | Loss validação: 1.9729179 | Acc validação: 0.36666667 | LR: 0.0001
Época 247 | Loss treino médio: 1.9108934 | Loss validação: 1.9729935 | Acc validação: 0.36666667 | LR: 0.0001
Época 248 | Loss treino médio: 1.9107742 | Loss validação: 1.9729124 | Acc validação: 0.36666667 | LR: 0.0001
Época 249 | Loss treino médio: 1.9106737 | Loss validação: 1.9728177 | Acc validação: 0.36666667 | LR: 0.0001
Época 250 | Loss treino médio: 1.9104052 | Loss validação: 1.9726209 | Acc validação: 0.36875 | LR: 0.0001
Época 251 | Loss treino médio: 1.9103396 | Loss validação: 1.9726483 | Acc validação: 0.36458334 | LR: 0.0001
Época 252 | Loss treino médio: 1.9103733 | Loss validação: 1.9724919 | Acc validação: 0.36666667 | LR: 0.0001
Época 253 | Loss treino médio: 1.9101913 | Loss validação: 1.9725175 | Acc validação: 0.36666667 | LR: 0.0001
Época 254 | Loss treino médio: 1.9102178 | Loss validação: 1.9723758 | Acc validação: 0.36666667 | LR: 0.0001
Época 255 | Loss treino médio: 1.9101094 | Loss validação: 1.9722444 | Acc validação: 0.36458334 | LR: 0.0001
Época 256 | Loss treino médio: 1.9100039 | Loss validação: 1.9721465 | Acc validação: 0.36458334 | LR: 0.0001
Época 257 | Loss treino médio: 1.9098021 | Loss validação: 1.9720677 | Acc validação: 0.36666667 | LR: 0.0001
Época 258 | Loss treino médio: 1.9098498 | Loss validação: 1.9719781 | Acc validação: 0.36458334 | LR: 0.0001
Época 259 | Loss treino médio: 1.9096227 | Loss validação: 1.9719385 | Acc validação: 0.36458334 | LR: 0.0001
Época 260 | Loss treino médio: 1.9095072 | Loss validação: 1.9718741 | Acc validação: 0.36666667 | LR: 0.0001
Época 261 | Loss treino médio: 1.9095719 | Loss validação: 1.9718024 | Acc validação: 0.36666667 | LR: 0.0001
Época 262 | Loss treino médio: 1.9093491 | Loss validação: 1.9716834 | Acc validação: 0.36458334 | LR: 0.0001
Época 263 | Loss treino médio: 1.909421 | Loss validação: 1.9715673 | Acc validação: 0.36458334 | LR: 0.0001
Época 264 | Loss treino médio: 1.9090763 | Loss validação: 1.9714762 | Acc validação: 0.36666667 | LR: 0.0001
Época 265 | Loss treino médio: 1.9091008 | Loss validação: 1.9714375 | Acc validação: 0.36458334 | LR: 0.0001
Época 266 | Loss treino médio: 1.9089247 | Loss validação: 1.9713924 | Acc validação: 0.36666667 | LR: 0.0001
Época 267 | Loss treino médio: 1.9088479 | Loss validação: 1.9712797 | Acc validação: 0.36666667 | LR: 0.0001
Época 268 | Loss treino médio: 1.9087424 | Loss validação: 1.9712276 | Acc validação: 0.36666667 | LR: 0.0001
Época 269 | Loss treino médio: 1.9085878 | Loss validação: 1.971122 | Acc validação: 0.36666667 | LR: 0.0001
Época 270 | Loss treino médio: 1.9085572 | Loss validação: 1.971052 | Acc validação: 0.36666667 | LR: 0.0001
Época 271 | Loss treino médio: 1.9084967 | Loss validação: 1.970922 | Acc validação: 0.36666667 | LR: 0.0001
Época 272 | Loss treino médio: 1.9083768 | Loss validação: 1.9708687 | Acc validação: 0.36458334 | LR: 0.0001
Época 273 | Loss treino médio: 1.9083355 | Loss validação: 1.9708244 | Acc validação: 0.36666667 | LR: 0.0001
Época 274 | Loss treino médio: 1.9081942 | Loss validação: 1.97076 | Acc validação: 0.36666667 | LR: 0.0001
Época 275 | Loss treino médio: 1.908049 | Loss validação: 1.9706614 | Acc validação: 0.36666667 | LR: 0.0001
Época 276 | Loss treino médio: 1.9080385 | Loss validação: 1.9705503 | Acc validação: 0.36666667 | LR: 0.0001
Época 277 | Loss treino médio: 1.9078211 | Loss validação: 1.9704857 | Acc validação: 0.36666667 | LR: 0.0001
Época 278 | Loss treino médio: 1.9076685 | Loss validação: 1.9703637 | Acc validação: 0.36666667 | LR: 0.0001
Época 279 | Loss treino médio: 1.9076532 | Loss validação: 1.9702505 | Acc validação: 0.36666667 | LR: 0.0001
Época 280 | Loss treino médio: 1.9074764 | Loss validação: 1.97014 | Acc validação: 0.36458334 | LR: 0.0001
Época 281 | Loss treino médio: 1.9075459 | Loss validação: 1.9700456 | Acc validação: 0.36458334 | LR: 0.0001
Época 282 | Loss treino médio: 1.9074099 | Loss validação: 1.9700203 | Acc validação: 0.36875 | LR: 0.0001
Época 283 | Loss treino médio: 1.9072481 | Loss validação: 1.9699136 | Acc validação: 0.36666667 | LR: 0.0001
Época 284 | Loss treino médio: 1.9070622 | Loss validação: 1.9697853 | Acc validação: 0.36875 | LR: 0.0001
Época 285 | Loss treino médio: 1.907053 | Loss validação: 1.9697111 | Acc validação: 0.36666667 | LR: 0.0001
Época 286 | Loss treino médio: 1.9067925 | Loss validação: 1.9696192 | Acc validação: 0.36875 | LR: 0.0001
Época 287 | Loss treino médio: 1.9068198 | Loss validação: 1.9695585 | Acc validação: 0.36666667 | LR: 0.0001
Época 288 | Loss treino médio: 1.9067564 | Loss validação: 1.9694998 | Acc validação: 0.36666667 | LR: 0.0001
Época 289 | Loss treino médio: 1.9066326 | Loss validação: 1.9693961 | Acc validação: 0.36666667 | LR: 0.0001
Época 290 | Loss treino médio: 1.9065188 | Loss validação: 1.9693859 | Acc validação: 0.36666667 | LR: 0.0001
Época 291 | Loss treino médio: 1.9064718 | Loss validação: 1.9693211 | Acc validação: 0.36875 | LR: 0.0001
Época 292 | Loss treino médio: 1.9062845 | Loss validação: 1.9692142 | Acc validação: 0.36875 | LR: 0.0001
Época 293 | Loss treino médio: 1.9061732 | Loss validação: 1.9691694 | Acc validação: 0.36875 | LR: 0.0001
Época 294 | Loss treino médio: 1.9062986 | Loss validação: 1.9690276 | Acc validação: 0.36875 | LR: 0.0001
Época 295 | Loss treino médio: 1.9059943 | Loss validação: 1.9689465 | Acc validação: 0.36875 | LR: 0.0001
Época 296 | Loss treino médio: 1.9058346 | Loss validação: 1.9688307 | Acc validação: 0.36666667 | LR: 0.0001
Época 297 | Loss treino médio: 1.9058472 | Loss validação: 1.968773 | Acc validação: 0.36666667 | LR: 0.0001
Época 298 | Loss treino médio: 1.9057573 | Loss validação: 1.9686257 | Acc validação: 0.37083334 | LR: 0.0001
Época 299 | Loss treino médio: 1.9055247 | Loss validação: 1.9686081 | Acc validação: 0.36666667 | LR: 0.0001
Época 300 | Loss treino médio: 1.9054644 | Loss validação: 1.9685165 | Acc validação: 0.36666667 | LR: 0.0001
Época 301 | Loss treino médio: 1.9054931 | Loss validação: 1.9684441 | Acc validação: 0.36875 | LR: 0.0001
Época 302 | Loss treino médio: 1.905235 | Loss validação: 1.9683781 | Acc validação: 0.36666667 | LR: 0.0001
Época 303 | Loss treino médio: 1.9053255 | Loss validação: 1.9682757 | Acc validação: 0.37083334 | LR: 0.0001
Época 304 | Loss treino médio: 1.9052161 | Loss validação: 1.968272 | Acc validação: 0.36666667 | LR: 0.0001
Época 305 | Loss treino médio: 1.9049465 | Loss validação: 1.9682281 | Acc validação: 0.36666667 | LR: 0.0001
Época 306 | Loss treino médio: 1.9048686 | Loss validação: 1.9680599 | Acc validação: 0.36666667 | LR: 0.0001
Época 307 | Loss treino médio: 1.9047531 | Loss validação: 1.9679765 | Acc validação: 0.36875 | LR: 0.0001
Época 308 | Loss treino médio: 1.9046921 | Loss validação: 1.9679263 | Acc validação: 0.36666667 | LR: 0.0001
Época 309 | Loss treino médio: 1.9045796 | Loss validação: 1.9678097 | Acc validação: 0.36875 | LR: 0.0001
Época 310 | Loss treino médio: 1.9043732 | Loss validação: 1.9677371 | Acc validação: 0.36875 | LR: 0.0001
Época 311 | Loss treino médio: 1.9044031 | Loss validação: 1.9676727 | Acc validação: 0.36666667 | LR: 0.0001
Época 312 | Loss treino médio: 1.9044429 | Loss validação: 1.9675367 | Acc validação: 0.36666667 | LR: 0.0001
Época 313 | Loss treino médio: 1.9041003 | Loss validação: 1.9674243 | Acc validação: 0.36666667 | LR: 0.0001
Época 314 | Loss treino médio: 1.9040748 | Loss validação: 1.967339 | Acc validação: 0.36666667 | LR: 0.0001
Época 315 | Loss treino médio: 1.9039835 | Loss validação: 1.967268 | Acc validação: 0.36666667 | LR: 0.0001
Época 316 | Loss treino médio: 1.9037868 | Loss validação: 1.9672108 | Acc validação: 0.36875 | LR: 0.0001
Época 317 | Loss treino médio: 1.9038241 | Loss validação: 1.9670551 | Acc validação: 0.37083334 | LR: 0.0001
Época 318 | Loss treino médio: 1.9035668 | Loss validação: 1.9669904 | Acc validação: 0.36875 | LR: 0.0001
Época 319 | Loss treino médio: 1.9036682 | Loss validação: 1.9669663 | Acc validação: 0.36875 | LR: 0.0001
Época 320 | Loss treino médio: 1.9035773 | Loss validação: 1.9668734 | Acc validação: 0.36875 | LR: 0.0001
Época 321 | Loss treino médio: 1.9034258 | Loss validação: 1.966734 | Acc validação: 0.36666667 | LR: 0.0001
Época 322 | Loss treino médio: 1.90327 | Loss validação: 1.9667383 | Acc validação: 0.36666667 | LR: 0.0001
Época 323 | Loss treino médio: 1.903067 | Loss validação: 1.9665897 | Acc validação: 0.37083334 | LR: 0.0001
Época 324 | Loss treino médio: 1.9030901 | Loss validação: 1.9665473 | Acc validação: 0.37083334 | LR: 0.0001
Época 325 | Loss treino médio: 1.9030402 | Loss validação: 1.9665276 | Acc validação: 0.36666667 | LR: 0.0001
Época 326 | Loss treino médio: 1.9028497 | Loss validação: 1.9663749 | Acc validação: 0.36666667 | LR: 0.0001
Época 327 | Loss treino médio: 1.9027908 | Loss validação: 1.9662345 | Acc validação: 0.36875 | LR: 0.0001
Época 328 | Loss treino médio: 1.90266 | Loss validação: 1.9661548 | Acc validação: 0.36875 | LR: 0.0001
Época 329 | Loss treino médio: 1.9026147 | Loss validação: 1.9660732 | Acc validação: 0.36875 | LR: 0.0001
Época 330 | Loss treino médio: 1.9024377 | Loss validação: 1.9659504 | Acc validação: 0.36666667 | LR: 0.0001
Época 331 | Loss treino médio: 1.9023647 | Loss validação: 1.9659718 | Acc validação: 0.36875 | LR: 0.0001
Época 332 | Loss treino médio: 1.902211 | Loss validação: 1.9658904 | Acc validação: 0.37083334 | LR: 0.0001
Época 333 | Loss treino médio: 1.9021327 | Loss validação: 1.9658665 | Acc validação: 0.36666667 | LR: 0.0001
Época 334 | Loss treino médio: 1.9021378 | Loss validação: 1.9657608 | Acc validação: 0.36666667 | LR: 0.0001
Época 335 | Loss treino médio: 1.9020323 | Loss validação: 1.9657686 | Acc validação: 0.37083334 | LR: 0.0001
Época 336 | Loss treino médio: 1.9018731 | Loss validação: 1.9656189 | Acc validação: 0.37083334 | LR: 0.0001
Época 337 | Loss treino médio: 1.9017744 | Loss validação: 1.9655346 | Acc validação: 0.36875 | LR: 0.0001
Época 338 | Loss treino médio: 1.9017563 | Loss validação: 1.9654306 | Acc validação: 0.37083334 | LR: 0.0001
Época 339 | Loss treino médio: 1.9016724 | Loss validação: 1.9653281 | Acc validação: 0.37291667 | LR: 0.0001
Época 340 | Loss treino médio: 1.9014064 | Loss validação: 1.9652603 | Acc validação: 0.37083334 | LR: 0.0001
Época 341 | Loss treino médio: 1.9014274 | Loss validação: 1.9651858 | Acc validação: 0.36875 | LR: 0.0001
Época 342 | Loss treino médio: 1.9013317 | Loss validação: 1.9651096 | Acc validação: 0.36875 | LR: 0.0001
Época 343 | Loss treino médio: 1.9012307 | Loss validação: 1.9650304 | Acc validação: 0.36666667 | LR: 0.0001
Época 344 | Loss treino médio: 1.901096 | Loss validação: 1.9649866 | Acc validação: 0.37083334 | LR: 0.0001
Época 345 | Loss treino médio: 1.9009962 | Loss validação: 1.9648936 | Acc validação: 0.36875 | LR: 0.0001
Época 346 | Loss treino médio: 1.9008414 | Loss validação: 1.9647461 | Acc validação: 0.37291667 | LR: 0.0001
Época 347 | Loss treino médio: 1.900868 | Loss validação: 1.9646993 | Acc validação: 0.37083334 | LR: 0.0001
Época 348 | Loss treino médio: 1.9006648 | Loss validação: 1.9646677 | Acc validação: 0.37291667 | LR: 0.0001
Época 349 | Loss treino médio: 1.9007601 | Loss validação: 1.9645619 | Acc validação: 0.36875 | LR: 0.0001
Época 350 | Loss treino médio: 1.9004929 | Loss validação: 1.9644545 | Acc validação: 0.36666667 | LR: 0.0001
Época 351 | Loss treino médio: 1.9004419 | Loss validação: 1.9643328 | Acc validação: 0.36875 | LR: 0.0001
Época 352 | Loss treino médio: 1.9003543 | Loss validação: 1.9642258 | Acc validação: 0.37083334 | LR: 0.0001
Época 353 | Loss treino médio: 1.9001831 | Loss validação: 1.9641227 | Acc validação: 0.37291667 | LR: 0.0001
Época 354 | Loss treino médio: 1.9001188 | Loss validação: 1.9640685 | Acc validação: 0.37083334 | LR: 0.0001
Época 355 | Loss treino médio: 1.9000326 | Loss validação: 1.9640187 | Acc validação: 0.37083334 | LR: 0.0001
Época 356 | Loss treino médio: 1.8998308 | Loss validação: 1.9639194 | Acc validação: 0.37083334 | LR: 0.0001
Época 357 | Loss treino médio: 1.8999161 | Loss validação: 1.9638585 | Acc validação: 0.37083334 | LR: 0.0001
Época 358 | Loss treino médio: 1.8996639 | Loss validação: 1.9637771 | Acc validação: 0.37083334 | LR: 0.0001
Época 359 | Loss treino médio: 1.8995593 | Loss validação: 1.9636718 | Acc validação: 0.36875 | LR: 0.0001
Época 360 | Loss treino médio: 1.8994123 | Loss validação: 1.9635836 | Acc validação: 0.37083334 | LR: 0.0001
Época 361 | Loss treino médio: 1.8994352 | Loss validação: 1.9635053 | Acc validação: 0.36875 | LR: 0.0001
Época 362 | Loss treino médio: 1.899106 | Loss validação: 1.9634473 | Acc validação: 0.37083334 | LR: 0.0001
Época 363 | Loss treino médio: 1.8991446 | Loss validação: 1.9633592 | Acc validação: 0.37291667 | LR: 0.0001
Época 364 | Loss treino médio: 1.8991265 | Loss validação: 1.9632968 | Acc validação: 0.37291667 | LR: 0.0001
Época 365 | Loss treino médio: 1.8988094 | Loss validação: 1.9632552 | Acc validação: 0.36875 | LR: 0.0001
Época 366 | Loss treino médio: 1.8988903 | Loss validação: 1.9631587 | Acc validação: 0.37083334 | LR: 0.0001
Época 367 | Loss treino médio: 1.8988284 | Loss validação: 1.9630888 | Acc validação: 0.37083334 | LR: 0.0001
Época 368 | Loss treino médio: 1.8987542 | Loss validação: 1.9629886 | Acc validação: 0.37291667 | LR: 0.0001
Época 369 | Loss treino médio: 1.8985425 | Loss validação: 1.9629436 | Acc validação: 0.37291667 | LR: 0.0001
Época 370 | Loss treino médio: 1.8985646 | Loss validação: 1.9628607 | Acc validação: 0.375 | LR: 0.0001
Época 371 | Loss treino médio: 1.898407 | Loss validação: 1.96275 | Acc validação: 0.375 | LR: 0.0001
Época 372 | Loss treino médio: 1.8982728 | Loss validação: 1.96263 | Acc validação: 0.37291667 | LR: 0.0001
Época 373 | Loss treino médio: 1.8981629 | Loss validação: 1.9626447 | Acc validação: 0.36875 | LR: 0.0001
Época 374 | Loss treino médio: 1.8981457 | Loss validação: 1.9625376 | Acc validação: 0.37083334 | LR: 0.0001
Época 375 | Loss treino médio: 1.8980439 | Loss validação: 1.9624501 | Acc validação: 0.37291667 | LR: 0.0001
Época 376 | Loss treino médio: 1.8977553 | Loss validação: 1.9622848 | Acc validação: 0.37291667 | LR: 0.0001
Época 377 | Loss treino médio: 1.897959 | Loss validação: 1.9622378 | Acc validação: 0.37291667 | LR: 0.0001
Época 378 | Loss treino médio: 1.8975972 | Loss validação: 1.9622152 | Acc validação: 0.37083334 | LR: 0.0001
Época 379 | Loss treino médio: 1.8975662 | Loss validação: 1.96215 | Acc validação: 0.37083334 | LR: 0.0001
Época 380 | Loss treino médio: 1.8976043 | Loss validação: 1.9620845 | Acc validação: 0.37083334 | LR: 0.0001
Época 381 | Loss treino médio: 1.8973343 | Loss validação: 1.9619392 | Acc validação: 0.37083334 | LR: 0.0001
Época 382 | Loss treino médio: 1.8971878 | Loss validação: 1.9618944 | Acc validação: 0.36875 | LR: 0.0001
Época 383 | Loss treino médio: 1.8970876 | Loss validação: 1.9616963 | Acc validação: 0.37083334 | LR: 0.0001
Época 384 | Loss treino médio: 1.8971028 | Loss validação: 1.96161 | Acc validação: 0.36666667 | LR: 0.0001
Época 385 | Loss treino médio: 1.8968945 | Loss validação: 1.9615424 | Acc validação: 0.37083334 | LR: 0.0001
Época 386 | Loss treino médio: 1.89693 | Loss validação: 1.9614815 | Acc validação: 0.37291667 | LR: 0.0001
Época 387 | Loss treino médio: 1.8968222 | Loss validação: 1.9614688 | Acc validação: 0.375 | LR: 0.0001
Época 388 | Loss treino médio: 1.8967571 | Loss validação: 1.9614542 | Acc validação: 0.37083334 | LR: 0.0001
Época 389 | Loss treino médio: 1.8966706 | Loss validação: 1.961374 | Acc validação: 0.37291667 | LR: 0.0001
Época 390 | Loss treino médio: 1.8966348 | Loss validação: 1.9611812 | Acc validação: 0.375 | LR: 0.0001
Época 391 | Loss treino médio: 1.8964375 | Loss validação: 1.9611299 | Acc validação: 0.37291667 | LR: 0.0001
Época 392 | Loss treino médio: 1.8962289 | Loss validação: 1.9610309 | Acc validação: 0.375 | LR: 0.0001
Época 393 | Loss treino médio: 1.8962008 | Loss validação: 1.9609406 | Acc validação: 0.375 | LR: 0.0001
Época 394 | Loss treino médio: 1.8961971 | Loss validação: 1.9608256 | Acc validação: 0.37083334 | LR: 0.0001
Época 395 | Loss treino médio: 1.8960031 | Loss validação: 1.960715 | Acc validação: 0.375 | LR: 0.0001
Época 396 | Loss treino médio: 1.8958566 | Loss validação: 1.9607194 | Acc validação: 0.37291667 | LR: 0.0001
Época 397 | Loss treino médio: 1.8958365 | Loss validação: 1.9605877 | Acc validação: 0.37083334 | LR: 0.0001
Época 398 | Loss treino médio: 1.8956496 | Loss validação: 1.9605502 | Acc validação: 0.37291667 | LR: 0.0001
Época 399 | Loss treino médio: 1.8957162 | Loss validação: 1.9605309 | Acc validação: 0.375 | LR: 0.0001
Época 400 | Loss treino médio: 1.8954446 | Loss validação: 1.9605145 | Acc validação: 0.37083334 | LR: 0.0001
Época 401 | Loss treino médio: 1.8954313 | Loss validação: 1.9603702 | Acc validação: 0.36875 | LR: 0.0001
Época 402 | Loss treino médio: 1.8952414 | Loss validação: 1.9602909 | Acc validação: 0.36875 | LR: 0.0001
Época 403 | Loss treino médio: 1.8951269 | Loss validação: 1.9601845 | Acc validação: 0.37083334 | LR: 0.0001
Época 404 | Loss treino médio: 1.8951109 | Loss validação: 1.9600805 | Acc validação: 0.37083334 | LR: 0.0001
Época 405 | Loss treino médio: 1.8948482 | Loss validação: 1.9599533 | Acc validação: 0.37083334 | LR: 0.0001
Época 406 | Loss treino médio: 1.8949049 | Loss validação: 1.959885 | Acc validação: 0.37083334 | LR: 0.0001
Época 407 | Loss treino médio: 1.8948399 | Loss validação: 1.9597646 | Acc validação: 0.37083334 | LR: 0.0001
Época 408 | Loss treino médio: 1.8947673 | Loss validação: 1.959764 | Acc validação: 0.37291667 | LR: 0.0001
Época 409 | Loss treino médio: 1.8945407 | Loss validação: 1.9596926 | Acc validação: 0.37291667 | LR: 0.0001
Época 410 | Loss treino médio: 1.8945145 | Loss validação: 1.9595745 | Acc validação: 0.375 | LR: 0.0001
Época 411 | Loss treino médio: 1.894536 | Loss validação: 1.9595267 | Acc validação: 0.375 | LR: 0.0001
Época 412 | Loss treino médio: 1.894158 | Loss validação: 1.9594445 | Acc validação: 0.37291667 | LR: 0.0001
Época 413 | Loss treino médio: 1.894138 | Loss validação: 1.9593737 | Acc validação: 0.37291667 | LR: 0.0001
Época 414 | Loss treino médio: 1.8940756 | Loss validação: 1.9593235 | Acc validação: 0.37291667 | LR: 0.0001
Época 415 | Loss treino médio: 1.8938961 | Loss validação: 1.9592259 | Acc validação: 0.37291667 | LR: 0.0001
Época 416 | Loss treino médio: 1.8938173 | Loss validação: 1.959118 | Acc validação: 0.375 | LR: 0.0001
Época 417 | Loss treino médio: 1.8937838 | Loss validação: 1.9590508 | Acc validação: 0.37291667 | LR: 0.0001
Época 418 | Loss treino médio: 1.8936678 | Loss validação: 1.9590429 | Acc validação: 0.37291667 | LR: 0.0001
Época 419 | Loss treino médio: 1.8937291 | Loss validação: 1.9589228 | Acc validação: 0.37291667 | LR: 0.0001
Época 420 | Loss treino médio: 1.8936146 | Loss validação: 1.9588988 | Acc validação: 0.37083334 | LR: 0.0001
Época 421 | Loss treino médio: 1.8934411 | Loss validação: 1.9587865 | Acc validação: 0.37291667 | LR: 0.0001
Época 422 | Loss treino médio: 1.893328 | Loss validação: 1.9586562 | Acc validação: 0.37708333 | LR: 0.0001
Época 423 | Loss treino médio: 1.8931758 | Loss validação: 1.9585665 | Acc validação: 0.37291667 | LR: 0.0001
Época 424 | Loss treino médio: 1.8929714 | Loss validação: 1.9584463 | Acc validação: 0.375 | LR: 0.0001
Época 425 | Loss treino médio: 1.8930169 | Loss validação: 1.9584063 | Acc validação: 0.37083334 | LR: 0.0001
Época 426 | Loss treino médio: 1.8929367 | Loss validação: 1.9583246 | Acc validação: 0.37083334 | LR: 0.0001
Época 427 | Loss treino médio: 1.8927342 | Loss validação: 1.9582552 | Acc validação: 0.37083334 | LR: 0.0001
Época 428 | Loss treino médio: 1.8926555 | Loss validação: 1.9581877 | Acc validação: 0.37291667 | LR: 0.0001
Época 429 | Loss treino médio: 1.8924009 | Loss validação: 1.9581369 | Acc validação: 0.37083334 | LR: 0.0001
Época 430 | Loss treino médio: 1.8925692 | Loss validação: 1.9580575 | Acc validação: 0.36875 | LR: 0.0001
Época 431 | Loss treino médio: 1.8923708 | Loss validação: 1.9579398 | Acc validação: 0.37291667 | LR: 0.0001
Época 432 | Loss treino médio: 1.8922821 | Loss validação: 1.9578878 | Acc validação: 0.375 | LR: 0.0001
Época 433 | Loss treino médio: 1.8922688 | Loss validação: 1.9577906 | Acc validação: 0.37291667 | LR: 0.0001
Época 434 | Loss treino médio: 1.8920112 | Loss validação: 1.9576615 | Acc validação: 0.37291667 | LR: 0.0001
Época 435 | Loss treino médio: 1.892034 | Loss validação: 1.9575316 | Acc validação: 0.37291667 | LR: 0.0001
Época 436 | Loss treino médio: 1.8919386 | Loss validação: 1.9574615 | Acc validação: 0.37291667 | LR: 0.0001
Época 437 | Loss treino médio: 1.8917915 | Loss validação: 1.9573417 | Acc validação: 0.37291667 | LR: 0.0001
Época 438 | Loss treino médio: 1.8917673 | Loss validação: 1.9573418 | Acc validação: 0.37083334 | LR: 0.0001
Época 439 | Loss treino médio: 1.8914611 | Loss validação: 1.9572736 | Acc validação: 0.37291667 | LR: 0.0001
Época 440 | Loss treino médio: 1.8914106 | Loss validação: 1.9572454 | Acc validação: 0.375 | LR: 0.0001
Época 441 | Loss treino médio: 1.8914474 | Loss validação: 1.9571691 | Acc validação: 0.37708333 | LR: 0.0001
Época 442 | Loss treino médio: 1.8913519 | Loss validação: 1.957112 | Acc validação: 0.37291667 | LR: 0.0001
Época 443 | Loss treino médio: 1.8913251 | Loss validação: 1.957055 | Acc validação: 0.37291667 | LR: 0.0001
Época 444 | Loss treino médio: 1.8912022 | Loss validação: 1.9569295 | Acc validação: 0.37291667 | LR: 0.0001
Época 445 | Loss treino médio: 1.8910147 | Loss validação: 1.9568603 | Acc validação: 0.37291667 | LR: 0.0001
Época 446 | Loss treino médio: 1.8908707 | Loss validação: 1.956722 | Acc validação: 0.37291667 | LR: 0.0001
Época 447 | Loss treino médio: 1.8907926 | Loss validação: 1.9566302 | Acc validação: 0.375 | LR: 0.0001
Época 448 | Loss treino médio: 1.8906955 | Loss validação: 1.9565648 | Acc validação: 0.375 | LR: 0.0001
Época 449 | Loss treino médio: 1.8905029 | Loss validação: 1.956499 | Acc validação: 0.375 | LR: 0.0001
Época 450 | Loss treino médio: 1.8904262 | Loss validação: 1.9564301 | Acc validação: 0.37083334 | LR: 0.0001
Época 451 | Loss treino médio: 1.890344 | Loss validação: 1.9563482 | Acc validação: 0.37083334 | LR: 0.0001
Época 452 | Loss treino médio: 1.890201 | Loss validação: 1.9561507 | Acc validação: 0.37083334 | LR: 0.0001
Época 453 | Loss treino médio: 1.890266 | Loss validação: 1.95612 | Acc validação: 0.37291667 | LR: 0.0001
Época 454 | Loss treino médio: 1.8900576 | Loss validação: 1.9560117 | Acc validação: 0.37083334 | LR: 0.0001
Época 455 | Loss treino médio: 1.890101 | Loss validação: 1.9559692 | Acc validação: 0.37291667 | LR: 0.0001
Época 456 | Loss treino médio: 1.8900225 | Loss validação: 1.9558083 | Acc validação: 0.375 | LR: 0.0001