✨ Pixi task (executar2): mojo -I ../../BIONIX-ML principal.mojo
Included from /mnt/c/PROJETOS/BIONIX/BIONIX-ML-EXEMPLOS/src/../../BIONIX-ML/bionix_ml/camadas/cnn/__init__.mojo:1:
/mnt/c/PROJETOS/BIONIX/BIONIX-ML-EXEMPLOS/src/../../BIONIX-ML/bionix_ml/camadas/cnn/__init__.mojo:1:12: error: 'camadas' does not refer to a nested package
import src.camadas.cnn.cnn as cnn_impl
           ^
Included from /mnt/c/PROJETOS/BIONIX/BIONIX-ML-EXEMPLOS/src/../../BIONIX-ML/bionix_ml/camadas/cnn/__init__.mojo:1:
/mnt/c/PROJETOS/BIONIX/BIONIX-ML-EXEMPLOS/src/../../BIONIX-ML/bionix_ml/camadas/cnn/__init__.mojo:2:12: error: 'nucleo' does not refer to a nested package
import src.nucleo.Tensor as tensor_defs
           ^
Included from /mnt/c/PROJETOS/BIONIX/BIONIX-ML-EXEMPLOS/src/../../BIONIX-ML/bionix_ml/computacao/__init__.mojo:1:
/mnt/c/PROJETOS/BIONIX/BIONIX-ML-EXEMPLOS/src/../../BIONIX-ML/bionix_ml/computacao/__init__.mojo:6:12: error: 'computacao' does not refer to a nested package
import src.computacao.tipos as tipos
           ^
Included from /mnt/c/PROJETOS/BIONIX/BIONIX-ML-EXEMPLOS/src/principal.mojo:8:
/mnt/c/PROJETOS/BIONIX/BIONIX-ML-EXEMPLOS/src/e000008_reconhecimento_facial/exemplo.mojo:139:51: warning: 'List' is no longer implicitly copyable, because it is O(n) expensive; this warning will be an error in the next release of Mojo
                img, img_scale = _resize_if_wider(img, 128)
                                                  ^~~
Included from /mnt/c/PROJETOS/BIONIX/BIONIX-ML-EXEMPLOS/src/principal.mojo:8:
/mnt/c/PROJETOS/BIONIX/BIONIX-ML-EXEMPLOS/src/e000008_reconhecimento_facial/exemplo.mojo:139:51: note: consider transferring the value with '^'
                img, img_scale = _resize_if_wider(img, 128)
                                                  ^
                                                     ^
Included from /mnt/c/PROJETOS/BIONIX/BIONIX-ML-EXEMPLOS/src/principal.mojo:8:
/mnt/c/PROJETOS/BIONIX/BIONIX-ML-EXEMPLOS/src/e000008_reconhecimento_facial/exemplo.mojo:139:51: note: you can copy it explicitly with '.copy()'
                img, img_scale = _resize_if_wider(img, 128)
                                                  ^
                                                     .copy()
Included from /mnt/c/PROJETOS/BIONIX/BIONIX-ML-EXEMPLOS/src/principal.mojo:8:
/mnt/c/PROJETOS/BIONIX/BIONIX-ML-EXEMPLOS/src/e000008_reconhecimento_facial/exemplo.mojo:139:20: warning: 'List' is no longer implicitly copyable, because it is O(n) expensive; this warning will be an error in the next release of Mojo
                img, img_scale = _resize_if_wider(img, 128)
                ~~~^
Included from /mnt/c/PROJETOS/BIONIX/BIONIX-ML-EXEMPLOS/src/principal.mojo:8:
/mnt/c/PROJETOS/BIONIX/BIONIX-ML-EXEMPLOS/src/e000008_reconhecimento_facial/exemplo.mojo:139:20: note: consider transferring the value with '^'
                img, img_scale = _resize_if_wider(img, 128)
                   ^
                    ^
Included from /mnt/c/PROJETOS/BIONIX/BIONIX-ML-EXEMPLOS/src/principal.mojo:8:
/mnt/c/PROJETOS/BIONIX/BIONIX-ML-EXEMPLOS/src/e000008_reconhecimento_facial/exemplo.mojo:139:20: note: you can copy it explicitly with '.copy()'
                img, img_scale = _resize_if_wider(img, 128)
                   ^
                    .copy()
Included from /mnt/c/PROJETOS/BIONIX/BIONIX-ML-EXEMPLOS/src/principal.mojo:8:
/mnt/c/PROJETOS/BIONIX/BIONIX-ML-EXEMPLOS/src/e000008_reconhecimento_facial/exemplo.mojo:150:41: warning: 'List' is no longer implicitly copyable, because it is O(n) expensive; this warning will be an error in the next release of Mojo
                var crop = _crop_matrix(img, b[0], b[1], b[2], b[3])
                                        ^~~
Included from /mnt/c/PROJETOS/BIONIX/BIONIX-ML-EXEMPLOS/src/principal.mojo:8:
/mnt/c/PROJETOS/BIONIX/BIONIX-ML-EXEMPLOS/src/e000008_reconhecimento_facial/exemplo.mojo:150:41: note: consider transferring the value with '^'
                var crop = _crop_matrix(img, b[0], b[1], b[2], b[3])
                                        ^
                                           ^
Included from /mnt/c/PROJETOS/BIONIX/BIONIX-ML-EXEMPLOS/src/principal.mojo:8:
/mnt/c/PROJETOS/BIONIX/BIONIX-ML-EXEMPLOS/src/e000008_reconhecimento_facial/exemplo.mojo:150:41: note: you can copy it explicitly with '.copy()'
                var crop = _crop_matrix(img, b[0], b[1], b[2], b[3])
                                        ^
                                           .copy()
Included from /mnt/c/PROJETOS/BIONIX/BIONIX-ML-EXEMPLOS/src/principal.mojo:8:
/mnt/c/PROJETOS/BIONIX/BIONIX-ML-EXEMPLOS/src/e000008_reconhecimento_facial/exemplo.mojo:153:83: warning: 'List' is no longer implicitly copyable, because it is O(n) expensive; this warning will be an error in the next release of Mojo
                var resized = graficos_pkg.redimensionar_matriz_grayscale_nearest(crop, altura_alvo, largura_alvo)
                                                                                  ^~~~
Included from /mnt/c/PROJETOS/BIONIX/BIONIX-ML-EXEMPLOS/src/principal.mojo:8:
/mnt/c/PROJETOS/BIONIX/BIONIX-ML-EXEMPLOS/src/e000008_reconhecimento_facial/exemplo.mojo:153:83: note: consider transferring the value with '^'
                var resized = graficos_pkg.redimensionar_matriz_grayscale_nearest(crop, altura_alvo, largura_alvo)
                                                                                  ^
                                                                                      ^
Included from /mnt/c/PROJETOS/BIONIX/BIONIX-ML-EXEMPLOS/src/principal.mojo:8:
/mnt/c/PROJETOS/BIONIX/BIONIX-ML-EXEMPLOS/src/e000008_reconhecimento_facial/exemplo.mojo:153:83: note: you can copy it explicitly with '.copy()'
                var resized = graficos_pkg.redimensionar_matriz_grayscale_nearest(crop, altura_alvo, largura_alvo)
                                                                                  ^
                                                                                      .copy()
Included from /mnt/c/PROJETOS/BIONIX/BIONIX-ML-EXEMPLOS/src/principal.mojo:8:
/mnt/c/PROJETOS/BIONIX/BIONIX-ML-EXEMPLOS/src/e000008_reconhecimento_facial/exemplo.mojo:183:42: warning: 'List' is no longer implicitly copyable, because it is O(n) expensive; this warning will be an error in the next release of Mojo
                var cropn = _crop_matrix(img, box[0], box[1], box[2], box[3])
                                         ^~~
Included from /mnt/c/PROJETOS/BIONIX/BIONIX-ML-EXEMPLOS/src/principal.mojo:8:
/mnt/c/PROJETOS/BIONIX/BIONIX-ML-EXEMPLOS/src/e000008_reconhecimento_facial/exemplo.mojo:183:42: note: consider transferring the value with '^'
                var cropn = _crop_matrix(img, box[0], box[1], box[2], box[3])
                                         ^
                                            ^
Included from /mnt/c/PROJETOS/BIONIX/BIONIX-ML-EXEMPLOS/src/principal.mojo:8:
/mnt/c/PROJETOS/BIONIX/BIONIX-ML-EXEMPLOS/src/e000008_reconhecimento_facial/exemplo.mojo:183:42: note: you can copy it explicitly with '.copy()'
                var cropn = _crop_matrix(img, box[0], box[1], box[2], box[3])
                                         ^
                                            .copy()
Included from /mnt/c/PROJETOS/BIONIX/BIONIX-ML-EXEMPLOS/src/principal.mojo:8:
/mnt/c/PROJETOS/BIONIX/BIONIX-ML-EXEMPLOS/src/e000008_reconhecimento_facial/exemplo.mojo:186:84: warning: 'List' is no longer implicitly copyable, because it is O(n) expensive; this warning will be an error in the next release of Mojo
                var resizedn = graficos_pkg.redimensionar_matriz_grayscale_nearest(cropn, altura_alvo, largura_alvo)
                                                                                   ^~~~~
Included from /mnt/c/PROJETOS/BIONIX/BIONIX-ML-EXEMPLOS/src/principal.mojo:8:
/mnt/c/PROJETOS/BIONIX/BIONIX-ML-EXEMPLOS/src/e000008_reconhecimento_facial/exemplo.mojo:186:84: note: consider transferring the value with '^'
                var resizedn = graficos_pkg.redimensionar_matriz_grayscale_nearest(cropn, altura_alvo, largura_alvo)
                                                                                   ^
                                                                                        ^
Included from /mnt/c/PROJETOS/BIONIX/BIONIX-ML-EXEMPLOS/src/principal.mojo:8:
/mnt/c/PROJETOS/BIONIX/BIONIX-ML-EXEMPLOS/src/e000008_reconhecimento_facial/exemplo.mojo:186:84: note: you can copy it explicitly with '.copy()'
                var resizedn = graficos_pkg.redimensionar_matriz_grayscale_nearest(cropn, altura_alvo, largura_alvo)
                                                                                   ^
                                                                                        .copy()
Included from /mnt/c/PROJETOS/BIONIX/BIONIX-ML-EXEMPLOS/src/principal.mojo:8:
/mnt/c/PROJETOS/BIONIX/BIONIX-ML-EXEMPLOS/src/e000008_reconhecimento_facial/exemplo.mojo:15:16: warning: 'List' is no longer implicitly copyable, because it is O(n) expensive; this warning will be an error in the next release of Mojo
        return img, 1.0
               ^~~
Included from /mnt/c/PROJETOS/BIONIX/BIONIX-ML-EXEMPLOS/src/principal.mojo:8:
/mnt/c/PROJETOS/BIONIX/BIONIX-ML-EXEMPLOS/src/e000008_reconhecimento_facial/exemplo.mojo:15:16: note: consider transferring the value with '^'
        return img, 1.0
               ^
                  ^
Included from /mnt/c/PROJETOS/BIONIX/BIONIX-ML-EXEMPLOS/src/principal.mojo:8:
/mnt/c/PROJETOS/BIONIX/BIONIX-ML-EXEMPLOS/src/e000008_reconhecimento_facial/exemplo.mojo:15:16: note: you can copy it explicitly with '.copy()'
        return img, 1.0
               ^
                  .copy()
Included from /mnt/c/PROJETOS/BIONIX/BIONIX-ML-EXEMPLOS/src/principal.mojo:8:
/mnt/c/PROJETOS/BIONIX/BIONIX-ML-EXEMPLOS/src/e000008_reconhecimento_facial/exemplo.mojo:18:16: warning: 'List' is no longer implicitly copyable, because it is O(n) expensive; this warning will be an error in the next release of Mojo
        return img, 1.0
               ^~~
Included from /mnt/c/PROJETOS/BIONIX/BIONIX-ML-EXEMPLOS/src/principal.mojo:8:
/mnt/c/PROJETOS/BIONIX/BIONIX-ML-EXEMPLOS/src/e000008_reconhecimento_facial/exemplo.mojo:18:16: note: consider transferring the value with '^'
        return img, 1.0
               ^
                  ^
Included from /mnt/c/PROJETOS/BIONIX/BIONIX-ML-EXEMPLOS/src/principal.mojo:8:
/mnt/c/PROJETOS/BIONIX/BIONIX-ML-EXEMPLOS/src/e000008_reconhecimento_facial/exemplo.mojo:18:16: note: you can copy it explicitly with '.copy()'
        return img, 1.0
               ^
                  .copy()
Included from /mnt/c/PROJETOS/BIONIX/BIONIX-ML-EXEMPLOS/src/principal.mojo:8:
/mnt/c/PROJETOS/BIONIX/BIONIX-ML-EXEMPLOS/src/e000008_reconhecimento_facial/exemplo.mojo:21:71: warning: 'List' is no longer implicitly copyable, because it is O(n) expensive; this warning will be an error in the next release of Mojo
    var resized = graficos_pkg.redimensionar_matriz_grayscale_nearest(img, new_h, new_w)
                                                                      ^~~
Included from /mnt/c/PROJETOS/BIONIX/BIONIX-ML-EXEMPLOS/src/principal.mojo:8:
/mnt/c/PROJETOS/BIONIX/BIONIX-ML-EXEMPLOS/src/e000008_reconhecimento_facial/exemplo.mojo:21:71: note: consider transferring the value with '^'
    var resized = graficos_pkg.redimensionar_matriz_grayscale_nearest(img, new_h, new_w)
                                                                      ^
                                                                         ^
Included from /mnt/c/PROJETOS/BIONIX/BIONIX-ML-EXEMPLOS/src/principal.mojo:8:
/mnt/c/PROJETOS/BIONIX/BIONIX-ML-EXEMPLOS/src/e000008_reconhecimento_facial/exemplo.mojo:21:71: note: you can copy it explicitly with '.copy()'
    var resized = graficos_pkg.redimensionar_matriz_grayscale_nearest(img, new_h, new_w)
                                                                      ^
                                                                         .copy()
Included from /mnt/c/PROJETOS/BIONIX/BIONIX-ML-EXEMPLOS/src/principal.mojo:8:
/mnt/c/PROJETOS/BIONIX/BIONIX-ML-EXEMPLOS/src/e000008_reconhecimento_facial/exemplo.mojo:23:12: warning: 'List' is no longer implicitly copyable, because it is O(n) expensive; this warning will be an error in the next release of Mojo
    return resized, scale
           ^~~~~~~
Included from /mnt/c/PROJETOS/BIONIX/BIONIX-ML-EXEMPLOS/src/principal.mojo:8:
/mnt/c/PROJETOS/BIONIX/BIONIX-ML-EXEMPLOS/src/e000008_reconhecimento_facial/exemplo.mojo:23:12: note: consider transferring the value with '^'
    return resized, scale
           ^
                  ^
Included from /mnt/c/PROJETOS/BIONIX/BIONIX-ML-EXEMPLOS/src/principal.mojo:8:
/mnt/c/PROJETOS/BIONIX/BIONIX-ML-EXEMPLOS/src/e000008_reconhecimento_facial/exemplo.mojo:23:12: note: you can copy it explicitly with '.copy()'
    return resized, scale
           ^
                  .copy()
Included from /mnt/c/PROJETOS/BIONIX/BIONIX-ML-EXEMPLOS/src/../../BIONIX-ML/bionix_ml/dados/__init__.mojo:1:
/mnt/c/PROJETOS/BIONIX/BIONIX-ML-EXEMPLOS/src/../../BIONIX-ML/bionix_ml/dados/__init__.mojo:3:12: error: 'dados' does not refer to a nested package
import src.dados.txt as txt
           ^
Included from /mnt/c/PROJETOS/BIONIX/BIONIX-ML-EXEMPLOS/src/../../BIONIX-ML/bionix_ml/dados/__init__.mojo:1:
/mnt/c/PROJETOS/BIONIX/BIONIX-ML-EXEMPLOS/src/../../BIONIX-ML/bionix_ml/dados/__init__.mojo:6:12: error: 'dados' does not refer to a nested package
import src.dados.bmp as bmp
           ^
Included from /mnt/c/PROJETOS/BIONIX/BIONIX-ML-EXEMPLOS/src/../../BIONIX-ML/bionix_ml/uteis/__init__.mojo:1:
/mnt/c/PROJETOS/BIONIX/BIONIX-ML-EXEMPLOS/src/../../BIONIX-ML/bionix_ml/uteis/__init__.mojo:1:12: error: 'uteis' does not refer to a nested package
import src.uteis.texto as texto
           ^
/mnt/c/PROJETOS/BIONIX/BIONIX-ML-EXEMPLOS/src/.pixi/envs/default/bin/mojo: error: failed to parse the provided Mojo source module
